<?xml version="1.0" encoding="UTF-8"?>
<testng-results skipped="0" failed="0" total="2" passed="2">
  <reporter-output>
  </reporter-output>
  <suite name="Default suite" duration-ms="97" started-at="2015-06-23T21:35:45Z" finished-at="2015-06-23T21:35:45Z">
    <groups>
    </groups>
    <test name="Default test" duration-ms="97" started-at="2015-06-23T21:35:45Z" finished-at="2015-06-23T21:35:45Z">
      <class name="org.gradle.JsonTest">
        <test-method status="PASS" signature="loadAllRecords()[pri:0, instance:org.gradle.JsonTest@19b6b59c]" name="loadAllRecords" duration-ms="62" started-at="2015-06-23T14:35:45Z" finished-at="2015-06-23T14:35:45Z">
          <reporter-output>
          </reporter-output>
        </test-method> <!-- loadAllRecords -->
        <test-method status="PASS" signature="saveRecords()[pri:0, instance:org.gradle.JsonTest@19b6b59c]" name="saveRecords" duration-ms="16" started-at="2015-06-23T14:35:45Z" finished-at="2015-06-23T14:35:45Z">
          <reporter-output>
          </reporter-output>
        </test-method> <!-- saveRecords -->
      </class> <!-- org.gradle.JsonTest -->
    </test> <!-- Default test -->
  </suite> <!-- Default suite -->
</testng-results>
